f:\lane_marking_detection\lane-detection-master_20161217\lane-detection-master\build\contours.dir\debug\vc140.pdb
f:\lane_marking_detection\lane-detection-master_20161217\lane-detection-master\build\contours.dir\debug\showmanyimages.obj
f:\lane_marking_detection\lane-detection-master_20161217\lane-detection-master\build\contours.dir\debug\lanedetectnew.obj
f:\lane_marking_detection\lane-detection-master_20161217\lane-detection-master\build\contours.dir\debug\geometry.obj
f:\lane_marking_detection\lane-detection-master_20161217\lane-detection-master\build\contours.dir\debug\edgessubpix.obj
d:\lane-detection-master\lane-detection-master\build\cmakefiles\generate.stamp
d:\lane-detection-master\lane-detection-master\build\debug\contours.pdb
f:\lane_marking_detection\lane-detection-master_20161217\lane-detection-master\build\contours.dir\debug\contours.tlog\cl.command.1.tlog
f:\lane_marking_detection\lane-detection-master_20161217\lane-detection-master\build\contours.dir\debug\contours.tlog\cl.read.1.tlog
f:\lane_marking_detection\lane-detection-master_20161217\lane-detection-master\build\contours.dir\debug\contours.tlog\cl.write.1.tlog
f:\lane_marking_detection\lane-detection-master_20161217\lane-detection-master\build\contours.dir\debug\contours.tlog\custombuild.command.1.tlog
f:\lane_marking_detection\lane-detection-master_20161217\lane-detection-master\build\contours.dir\debug\contours.tlog\custombuild.read.1.tlog
f:\lane_marking_detection\lane-detection-master_20161217\lane-detection-master\build\contours.dir\debug\contours.tlog\custombuild.write.1.tlog
f:\lane_marking_detection\lane-detection-master_20161217\lane-detection-master\build\contours.dir\debug\contours.tlog\link-cvtres.read.1.tlog
f:\lane_marking_detection\lane-detection-master_20161217\lane-detection-master\build\contours.dir\debug\contours.tlog\link-cvtres.write.1.tlog
f:\lane_marking_detection\lane-detection-master_20161217\lane-detection-master\build\contours.dir\debug\contours.tlog\link-rc.read.1.tlog
f:\lane_marking_detection\lane-detection-master_20161217\lane-detection-master\build\contours.dir\debug\contours.tlog\link-rc.write.1.tlog
f:\lane_marking_detection\lane-detection-master_20161217\lane-detection-master\build\contours.dir\debug\contours.tlog\link.command.1.tlog
f:\lane_marking_detection\lane-detection-master_20161217\lane-detection-master\build\contours.dir\debug\contours.tlog\link.read.1.tlog
f:\lane_marking_detection\lane-detection-master_20161217\lane-detection-master\build\contours.dir\debug\contours.tlog\link.write.1.tlog
